1613209752761	geckodriver	INFO	Listening on 127.0.0.1:54467
1613209752766	mozrunner::runner	INFO	Running command: "/usr/bin/firefox" "--marionette" "--no-sandbox" "--disable-gpu" "-foreground" "-no-remote" "-profile" "/tmp/rust_mozprofiledkZbAI"
console.warn: SearchSettings: "get: No settings file exists, new profile?" (new Error("", "(unknown module)"))
console.warn: SearchSettings: "get: No settings file exists, new profile?" (new Error("", "(unknown module)"))
1613209758454	Marionette	INFO	Listening on port 34691
1613209758547	Marionette	WARN	TLS certificate errors will be ignored for this session
1613209758567	Marionette	ERROR	[15] No reply from Marionette:Register
1613209758587	Marionette	INFO	Stopped listening on port 34691
console.warn: services.settings: main/cfr-fxa sync interrupted by shutdown
JavaScript error: resource://activity-stream/lib/ASRouter.jsm, line 987: NS_ERROR_ILLEGAL_VALUE: Component returned failure code: 0x80070057 (NS_ERROR_ILLEGAL_VALUE) [nsIObserverService.removeObserver]
1613227410726	geckodriver	INFO	Listening on 127.0.0.1:44683
1613227410734	mozrunner::runner	INFO	Running command: "/usr/bin/firefox" "--marionette" "--headless" "--no-sandbox" "--disable-gpu" "-foreground" "-no-remote" "-profile" "/tmp/rust_mozprofileNMVkn3"
*** You are running in headless mode.
console.warn: SearchSettings: "get: No settings file exists, new profile?" (new Error("", "(unknown module)"))
console.warn: SearchSettings: "get: No settings file exists, new profile?" (new Error("", "(unknown module)"))
1613227413883	Marionette	INFO	Listening on port 43055
1613227413994	Marionette	WARN	TLS certificate errors will be ignored for this session
1613227414020	Marionette	ERROR	[18] No reply from Marionette:Register
Exiting due to channel error.
Exiting due to channel error.
Exiting due to channel error.
1613227440208	geckodriver	INFO	Listening on 127.0.0.1:43739
1613227440214	mozrunner::runner	INFO	Running command: "/usr/bin/firefox" "--marionette" "--headless" "--no-sandbox" "--disable-gpu" "-foreground" "-no-remote" "-profile" "/tmp/rust_mozprofileg7leyo"
*** You are running in headless mode.
console.warn: SearchSettings: "get: No settings file exists, new profile?" (new Error("", "(unknown module)"))
console.warn: SearchSettings: "get: No settings file exists, new profile?" (new Error("", "(unknown module)"))
1613227443438	Marionette	INFO	Listening on port 36437
1613227443478	Marionette	WARN	TLS certificate errors will be ignored for this session
1613227443500	Marionette	ERROR	[15] No reply from Marionette:Register
Exiting due to channel error.
Exiting due to channel error.
Exiting due to channel error.
1613227460477	geckodriver	INFO	Listening on 127.0.0.1:37295
1613227460481	mozrunner::runner	INFO	Running command: "/usr/bin/firefox" "--marionette" "--headless" "--no-sandbox" "--disable-gpu" "-foreground" "-no-remote" "-profile" "/tmp/rust_mozprofile3dlK1M"
*** You are running in headless mode.
console.warn: SearchSettings: "get: No settings file exists, new profile?" (new Error("", "(unknown module)"))
console.warn: SearchSettings: "get: No settings file exists, new profile?" (new Error("", "(unknown module)"))
1613227464185	Marionette	INFO	Listening on port 44441
1613227464257	Marionette	WARN	TLS certificate errors will be ignored for this session
1613227464276	Marionette	ERROR	[15] No reply from Marionette:Register
1613227481722	geckodriver	INFO	Listening on 127.0.0.1:60305
1613227481742	mozrunner::runner	INFO	Running command: "/usr/bin/firefox" "--marionette" "--headless" "--no-sandbox" "--disable-gpu" "-foreground" "-no-remote" "-profile" "/tmp/rust_mozprofilejXbwSx"
*** You are running in headless mode.
console.warn: SearchSettings: "get: No settings file exists, new profile?" (new Error("", "(unknown module)"))
console.warn: SearchSettings: "get: No settings file exists, new profile?" (new Error("", "(unknown module)"))
1613227486440	Marionette	INFO	Listening on port 44289
1613227486475	Marionette	WARN	TLS certificate errors will be ignored for this session
1613227486505	Marionette	ERROR	[15] No reply from Marionette:Register
1613227638022	geckodriver	INFO	Listening on 127.0.0.1:52063
1613227638027	mozrunner::runner	INFO	Running command: "/usr/bin/firefox" "--marionette" "--headless" "--no-sandbox" "--disable-gpu" "-foreground" "-no-remote" "-profile" "/tmp/rust_mozprofile6tit9q"
*** You are running in headless mode.
console.warn: SearchSettings: "get: No settings file exists, new profile?" (new Error("", "(unknown module)"))
console.warn: SearchSettings: "get: No settings file exists, new profile?" (new Error("", "(unknown module)"))
1613227642308	Marionette	INFO	Listening on port 34221
1613227642398	Marionette	WARN	TLS certificate errors will be ignored for this session
1613227642445	Marionette	ERROR	[15] No reply from Marionette:Register
console.log: WebExtensions: reset-default-search: No addons in our list are installed.
console.log: WebExtensions: reset-default-search: No addons in our list are installed.
console.log: WebExtensions: reset-default-search: No addons in our list are installed.
Exiting due to channel error.
1613367584356	geckodriver	INFO	Listening on 127.0.0.1:56979
1613367585355	mozrunner::runner	INFO	Running command: "/usr/bin/firefox" "--marionette" "--headless" "--no-sandbox" "--disable-gpu" "-foreground" "-no-remote" "-profile" "/tmp/rust_mozprofileg37P7f"
*** You are running in headless mode.
console.warn: SearchSettings: "get: No settings file exists, new profile?" (new Error("", "(unknown module)"))
console.warn: SearchSettings: "get: No settings file exists, new profile?" (new Error("", "(unknown module)"))
1613367590737	Marionette	INFO	Listening on port 43743
1613367590883	Marionette	WARN	TLS certificate errors will be ignored for this session
1613367590901	Marionette	ERROR	[15] No reply from Marionette:Register
1613367590916	Marionette	INFO	Stopped listening on port 43743
JavaScript error: resource://activity-stream/lib/ASRouter.jsm, line 987: NS_ERROR_ILLEGAL_VALUE: Component returned failure code: 0x80070057 (NS_ERROR_ILLEGAL_VALUE) [nsIObserverService.removeObserver]
1613367614689	geckodriver	INFO	Listening on 127.0.0.1:37959
1613367614696	mozrunner::runner	INFO	Running command: "/usr/bin/firefox" "--marionette" "--headless" "--no-sandbox" "--disable-gpu" "-foreground" "-no-remote" "-profile" "/tmp/rust_mozprofilepdi53x"
*** You are running in headless mode.
console.warn: SearchSettings: "get: No settings file exists, new profile?" (new Error("", "(unknown module)"))
console.warn: SearchSettings: "get: No settings file exists, new profile?" (new Error("", "(unknown module)"))
1613367618378	Marionette	INFO	Listening on port 40307
1613367618456	Marionette	WARN	TLS certificate errors will be ignored for this session
1613367618477	Marionette	ERROR	[18] No reply from Marionette:Register
1613367618489	Marionette	INFO	Stopped listening on port 40307
JavaScript error: resource://activity-stream/lib/ASRouter.jsm, line 987: NS_ERROR_ILLEGAL_VALUE: Component returned failure code: 0x80070057 (NS_ERROR_ILLEGAL_VALUE) [nsIObserverService.removeObserver]

###!!! [Parent][RunMessage] Error: Channel closing: too late to send/recv, messages will be lost


###!!! [Parent][RunMessage] Error: Channel closing: too late to send/recv, messages will be lost

1613367658342	geckodriver	INFO	Listening on 127.0.0.1:48271
1613367658350	mozrunner::runner	INFO	Running command: "/usr/bin/firefox" "--marionette" "--headless" "--no-sandbox" "--disable-gpu" "-foreground" "-no-remote" "-profile" "/tmp/rust_mozprofileMvX1Xk"
*** You are running in headless mode.
console.warn: SearchSettings: "get: No settings file exists, new profile?" (new Error("", "(unknown module)"))
console.warn: SearchSettings: "get: No settings file exists, new profile?" (new Error("", "(unknown module)"))
1613367663670	Marionette	INFO	Listening on port 36669
1613367663791	Marionette	WARN	TLS certificate errors will be ignored for this session
1613367663807	Marionette	ERROR	[18] No reply from Marionette:Register
1613367663839	Marionette	INFO	Stopped listening on port 36669
JavaScript error: resource://activity-stream/lib/ASRouter.jsm, line 987: NS_ERROR_ILLEGAL_VALUE: Component returned failure code: 0x80070057 (NS_ERROR_ILLEGAL_VALUE) [nsIObserverService.removeObserver]
1613369275544	geckodriver	INFO	Listening on 127.0.0.1:45335
1613369275548	mozrunner::runner	INFO	Running command: "/usr/bin/firefox" "--marionette" "--headless" "--no-sandbox" "--disable-gpu" "-foreground" "-no-remote" "-profile" "/tmp/rust_mozprofilepGq8Mg"
*** You are running in headless mode.
console.warn: SearchSettings: "get: No settings file exists, new profile?" (new Error("", "(unknown module)"))
console.warn: SearchSettings: "get: No settings file exists, new profile?" (new Error("", "(unknown module)"))
1613369279089	Marionette	INFO	Listening on port 45465
1613369279124	Marionette	WARN	TLS certificate errors will be ignored for this session
1613369279142	Marionette	ERROR	[18] No reply from Marionette:Register
1613369279168	Marionette	INFO	Stopped listening on port 45465
JavaScript error: resource://activity-stream/lib/ASRouter.jsm, line 987: NS_ERROR_ILLEGAL_VALUE: Component returned failure code: 0x80070057 (NS_ERROR_ILLEGAL_VALUE) [nsIObserverService.removeObserver]
console.warn: services.settings: main/cfr-fxa sync interrupted by shutdown
1613369338627	geckodriver	INFO	Listening on 127.0.0.1:37569
1613369338631	mozrunner::runner	INFO	Running command: "/usr/bin/firefox" "--marionette" "--headless" "--no-sandbox" "--disable-gpu" "-foreground" "-no-remote" "-profile" "/tmp/rust_mozprofileguoQ63"
*** You are running in headless mode.
console.warn: SearchSettings: "get: No settings file exists, new profile?" (new Error("", "(unknown module)"))
console.warn: SearchSettings: "get: No settings file exists, new profile?" (new Error("", "(unknown module)"))
1613369342427	Marionette	INFO	Listening on port 45625
1613369342532	Marionette	WARN	TLS certificate errors will be ignored for this session
1613369342546	Marionette	ERROR	[18] No reply from Marionette:Register
1613369342558	Marionette	INFO	Stopped listening on port 45625
JavaScript error: resource://activity-stream/lib/ASRouter.jsm, line 987: NS_ERROR_ILLEGAL_VALUE: Component returned failure code: 0x80070057 (NS_ERROR_ILLEGAL_VALUE) [nsIObserverService.removeObserver]
1613369361408	geckodriver	INFO	Listening on 127.0.0.1:46061
1613369361413	mozrunner::runner	INFO	Running command: "/usr/bin/firefox" "--marionette" "--headless" "--no-sandbox" "--disable-gpu" "-foreground" "-no-remote" "-profile" "/tmp/rust_mozprofileM5yaTO"
*** You are running in headless mode.
console.warn: SearchSettings: "get: No settings file exists, new profile?" (new Error("", "(unknown module)"))
console.warn: SearchSettings: "get: No settings file exists, new profile?" (new Error("", "(unknown module)"))
1613369364572	Marionette	INFO	Listening on port 45347
1613369364682	Marionette	WARN	TLS certificate errors will be ignored for this session
1613369364715	Marionette	ERROR	[15] No reply from Marionette:Register
1613369364732	Marionette	INFO	Stopped listening on port 45347
JavaScript error: resource://activity-stream/lib/ASRouter.jsm, line 987: NS_ERROR_ILLEGAL_VALUE: Component returned failure code: 0x80070057 (NS_ERROR_ILLEGAL_VALUE) [nsIObserverService.removeObserver]
1613369372759	geckodriver	INFO	Listening on 127.0.0.1:54511
1613369372764	mozrunner::runner	INFO	Running command: "/usr/bin/firefox" "--marionette" "--headless" "--no-sandbox" "--disable-gpu" "-foreground" "-no-remote" "-profile" "/tmp/rust_mozprofileoTYG92"
*** You are running in headless mode.
console.warn: SearchSettings: "get: No settings file exists, new profile?" (new Error("", "(unknown module)"))
console.warn: SearchSettings: "get: No settings file exists, new profile?" (new Error("", "(unknown module)"))
1613369375982	Marionette	INFO	Listening on port 41247
1613369376037	Marionette	WARN	TLS certificate errors will be ignored for this session
1613369376058	Marionette	ERROR	[15] No reply from Marionette:Register
1613369376074	Marionette	INFO	Stopped listening on port 41247
JavaScript error: resource://activity-stream/lib/ASRouter.jsm, line 987: NS_ERROR_ILLEGAL_VALUE: Component returned failure code: 0x80070057 (NS_ERROR_ILLEGAL_VALUE) [nsIObserverService.removeObserver]

###!!! [Parent][RunMessage] Error: Channel closing: too late to send/recv, messages will be lost

1613369552050	geckodriver	INFO	Listening on 127.0.0.1:42069
1613369552058	mozrunner::runner	INFO	Running command: "/usr/bin/firefox" "--marionette" "--headless" "--no-sandbox" "--disable-gpu" "-foreground" "-no-remote" "-profile" "/tmp/rust_mozprofilexHe6TP"
*** You are running in headless mode.
console.warn: SearchSettings: "get: No settings file exists, new profile?" (new Error("", "(unknown module)"))
console.warn: SearchSettings: "get: No settings file exists, new profile?" (new Error("", "(unknown module)"))
1613369555199	Marionette	INFO	Listening on port 41643
1613369555233	Marionette	WARN	TLS certificate errors will be ignored for this session
1613369555252	Marionette	ERROR	[15] No reply from Marionette:Register
1613369555270	Marionette	INFO	Stopped listening on port 41643
JavaScript error: resource://activity-stream/lib/ASRouter.jsm, line 987: NS_ERROR_ILLEGAL_VALUE: Component returned failure code: 0x80070057 (NS_ERROR_ILLEGAL_VALUE) [nsIObserverService.removeObserver]
console.warn: services.settings: main/cfr-fxa sync interrupted by shutdown
JavaScript error: , line 0: AbortError: A request was aborted, for example through a call to IDBTransaction.abort.

###!!! [Parent][RunMessage] Error: Channel closing: too late to send/recv, messages will be lost

1613369581944	geckodriver	INFO	Listening on 127.0.0.1:34039
1613369581949	mozrunner::runner	INFO	Running command: "/usr/bin/firefox" "--marionette" "--headless" "--no-sandbox" "--disable-gpu" "-foreground" "-no-remote" "-profile" "/tmp/rust_mozprofile7D5Aex"
*** You are running in headless mode.
console.warn: SearchSettings: "get: No settings file exists, new profile?" (new Error("", "(unknown module)"))
console.warn: SearchSettings: "get: No settings file exists, new profile?" (new Error("", "(unknown module)"))
1613369585000	Marionette	INFO	Listening on port 39293
1613369585110	Marionette	WARN	TLS certificate errors will be ignored for this session
1613369585132	Marionette	ERROR	[18] No reply from Marionette:Register
1613369585144	Marionette	INFO	Stopped listening on port 39293
JavaScript error: resource://activity-stream/lib/ASRouter.jsm, line 987: NS_ERROR_ILLEGAL_VALUE: Component returned failure code: 0x80070057 (NS_ERROR_ILLEGAL_VALUE) [nsIObserverService.removeObserver]
1613369607785	geckodriver	INFO	Listening on 127.0.0.1:38741
1613369607789	mozrunner::runner	INFO	Running command: "/usr/bin/firefox" "--marionette" "--headless" "--no-sandbox" "--disable-gpu" "-foreground" "-no-remote" "-profile" "/tmp/rust_mozprofiled767IN"
*** You are running in headless mode.
console.warn: SearchSettings: "get: No settings file exists, new profile?" (new Error("", "(unknown module)"))
console.warn: SearchSettings: "get: No settings file exists, new profile?" (new Error("", "(unknown module)"))
1613369610995	Marionette	INFO	Listening on port 40243
1613369611057	Marionette	WARN	TLS certificate errors will be ignored for this session
1613369611080	Marionette	ERROR	[18] No reply from Marionette:Register
1613369611090	Marionette	INFO	Stopped listening on port 40243
JavaScript error: resource://activity-stream/lib/ASRouter.jsm, line 987: NS_ERROR_ILLEGAL_VALUE: Component returned failure code: 0x80070057 (NS_ERROR_ILLEGAL_VALUE) [nsIObserverService.removeObserver]
1613369624232	geckodriver	INFO	Listening on 127.0.0.1:50729
1613369624237	mozrunner::runner	INFO	Running command: "/usr/bin/firefox" "--marionette" "--headless" "--no-sandbox" "--disable-gpu" "-foreground" "-no-remote" "-profile" "/tmp/rust_mozprofileplYDAN"
*** You are running in headless mode.
console.warn: SearchSettings: "get: No settings file exists, new profile?" (new Error("", "(unknown module)"))
console.warn: SearchSettings: "get: No settings file exists, new profile?" (new Error("", "(unknown module)"))
1613369627306	Marionette	INFO	Listening on port 40001
1613369627404	Marionette	WARN	TLS certificate errors will be ignored for this session
1613369627431	Marionette	ERROR	[15] No reply from Marionette:Register
1613369627459	Marionette	INFO	Stopped listening on port 40001
JavaScript error: resource://activity-stream/lib/ASRouter.jsm, line 987: NS_ERROR_ILLEGAL_VALUE: Component returned failure code: 0x80070057 (NS_ERROR_ILLEGAL_VALUE) [nsIObserverService.removeObserver]
console.error: services.settings: 
  main/cfr-fxa Signature failed  TypeError: NetworkError when attempting to fetch resource.
1613369863818	geckodriver	INFO	Listening on 127.0.0.1:55043
1613369863827	mozrunner::runner	INFO	Running command: "/usr/bin/firefox" "--marionette" "--headless" "--no-sandbox" "--disable-gpu" "-foreground" "-no-remote" "-profile" "/tmp/rust_mozprofileIplT5y"
*** You are running in headless mode.
console.warn: SearchSettings: "get: No settings file exists, new profile?" (new Error("", "(unknown module)"))
console.warn: SearchSettings: "get: No settings file exists, new profile?" (new Error("", "(unknown module)"))
1613369866927	Marionette	INFO	Listening on port 38053
1613369867076	Marionette	WARN	TLS certificate errors will be ignored for this session
1613369867106	Marionette	ERROR	[18] No reply from Marionette:Register
1613369867170	Marionette	INFO	Stopped listening on port 38053
JavaScript error: resource://activity-stream/lib/ASRouter.jsm, line 987: NS_ERROR_ILLEGAL_VALUE: Component returned failure code: 0x80070057 (NS_ERROR_ILLEGAL_VALUE) [nsIObserverService.removeObserver]
1613369910418	geckodriver	INFO	Listening on 127.0.0.1:43269
1613369910477	mozrunner::runner	INFO	Running command: "/usr/bin/firefox" "--marionette" "--headless" "--no-sandbox" "--disable-gpu" "-foreground" "-no-remote" "-profile" "/tmp/rust_mozprofile30rHa2"
*** You are running in headless mode.
console.warn: SearchSettings: "get: No settings file exists, new profile?" (new Error("", "(unknown module)"))
console.warn: SearchSettings: "get: No settings file exists, new profile?" (new Error("", "(unknown module)"))
1613369914197	Marionette	INFO	Listening on port 37429
1613369914277	Marionette	WARN	TLS certificate errors will be ignored for this session
1613369914296	Marionette	ERROR	[15] No reply from Marionette:Register
1613370000044	geckodriver	INFO	Listening on 127.0.0.1:51273
1613370000048	mozrunner::runner	INFO	Running command: "/usr/bin/firefox" "--marionette" "--no-sandbox" "--disable-gpu" "-foreground" "-no-remote" "-profile" "/tmp/rust_mozprofileQPfQHO"
console.warn: SearchSettings: "get: No settings file exists, new profile?" (new Error("", "(unknown module)"))
console.warn: SearchSettings: "get: No settings file exists, new profile?" (new Error("", "(unknown module)"))
1613370004521	Marionette	INFO	Listening on port 44333
1613370004596	Marionette	WARN	TLS certificate errors will be ignored for this session
1613370004662	Marionette	ERROR	[18] No reply from Marionette:Register
1613370011255	Marionette	INFO	Stopped listening on port 44333

###!!! [Parent][RunMessage] Error: Channel closing: too late to send/recv, messages will be lost

1613370021335	geckodriver	INFO	Listening on 127.0.0.1:37037
1613370021345	mozrunner::runner	INFO	Running command: "/usr/bin/firefox" "--marionette" "--no-sandbox" "--disable-gpu" "-foreground" "-no-remote" "-profile" "/tmp/rust_mozprofilev7hErs"
console.warn: SearchSettings: "get: No settings file exists, new profile?" (new Error("", "(unknown module)"))
console.warn: SearchSettings: "get: No settings file exists, new profile?" (new Error("", "(unknown module)"))
1613370025545	Marionette	INFO	Listening on port 44773
1613370025599	Marionette	WARN	TLS certificate errors will be ignored for this session
1613370025626	Marionette	ERROR	[18] No reply from Marionette:Register
1613370065711	geckodriver	INFO	Listening on 127.0.0.1:52179
1613370065717	mozrunner::runner	INFO	Running command: "/usr/bin/firefox" "--marionette" "--no-sandbox" "--disable-gpu" "-foreground" "-no-remote" "-profile" "/tmp/rust_mozprofile7DjSSQ"
console.warn: SearchSettings: "get: No settings file exists, new profile?" (new Error("", "(unknown module)"))
console.warn: SearchSettings: "get: No settings file exists, new profile?" (new Error("", "(unknown module)"))
1613370072050	Marionette	INFO	Listening on port 42651
1613370072171	Marionette	WARN	TLS certificate errors will be ignored for this session
1613370072190	Marionette	ERROR	[15] No reply from Marionette:Register
console.log: WebExtensions: reset-default-search: No addons in our list are installed.
console.log: WebExtensions: reset-default-search: No addons in our list are installed.
1613370816477	geckodriver	INFO	Listening on 127.0.0.1:37817
1613370816481	mozrunner::runner	INFO	Running command: "/usr/bin/firefox" "--marionette" "--no-sandbox" "--disable-gpu" "-foreground" "-no-remote" "-profile" "/tmp/rust_mozprofilebiYNMI"
console.warn: SearchSettings: "get: No settings file exists, new profile?" (new Error("", "(unknown module)"))
console.warn: SearchSettings: "get: No settings file exists, new profile?" (new Error("", "(unknown module)"))
1613370822031	Marionette	INFO	Listening on port 42613
1613370822088	Marionette	WARN	TLS certificate errors will be ignored for this session
1613370822110	Marionette	ERROR	[15] No reply from Marionette:Register
1613370828867	Marionette	INFO	Stopped listening on port 42613
1613373214445	Marionette	INFO	Stopped listening on port 44773

###!!! [Parent][RunMessage] Error: Channel closing: too late to send/recv, messages will be lost

1613373215685	Marionette	INFO	Stopped listening on port 42651

###!!! [Parent][RunMessage] Error: Channel closing: too late to send/recv, messages will be lost

1613379390552	geckodriver	INFO	Listening on 127.0.0.1:46485
1613379390556	mozrunner::runner	INFO	Running command: "/usr/bin/firefox" "--marionette" "--no-sandbox" "--disable-gpu" "-foreground" "-no-remote" "-profile" "/tmp/rust_mozprofilezBqkgv"
console.warn: SearchSettings: "get: No settings file exists, new profile?" (new Error("", "(unknown module)"))
console.warn: SearchSettings: "get: No settings file exists, new profile?" (new Error("", "(unknown module)"))
1613379394442	Marionette	INFO	Listening on port 46709
1613379394562	Marionette	WARN	TLS certificate errors will be ignored for this session
1613379394575	Marionette	ERROR	[15] No reply from Marionette:Register
1613379416322	geckodriver	INFO	Listening on 127.0.0.1:52215
1613379416329	mozrunner::runner	INFO	Running command: "/usr/bin/firefox" "--marionette" "--no-sandbox" "--disable-gpu" "-foreground" "-no-remote" "-profile" "/tmp/rust_mozprofile8TGWNv"
console.warn: SearchSettings: "get: No settings file exists, new profile?" (new Error("", "(unknown module)"))
1613379420032	Marionette	INFO	Stopped listening on port 46709
console.warn: SearchSettings: "get: No settings file exists, new profile?" (new Error("", "(unknown module)"))
1613379421599	Marionette	INFO	Listening on port 36251
1613379421653	Marionette	WARN	TLS certificate errors will be ignored for this session
1613379421675	Marionette	ERROR	[15] No reply from Marionette:Register
1613379445045	geckodriver	INFO	Listening on 127.0.0.1:42027
1613379445050	mozrunner::runner	INFO	Running command: "/usr/bin/firefox" "--marionette" "--no-sandbox" "--disable-gpu" "-foreground" "-no-remote" "-profile" "/tmp/rust_mozprofilet5YNbq"
console.warn: SearchSettings: "get: No settings file exists, new profile?" (new Error("", "(unknown module)"))
console.warn: SearchSettings: "get: No settings file exists, new profile?" (new Error("", "(unknown module)"))
1613379450439	Marionette	INFO	Listening on port 45925
1613379450498	Marionette	WARN	TLS certificate errors will be ignored for this session
1613379450546	Marionette	ERROR	[15] No reply from Marionette:Register
1613379465717	Marionette	INFO	Stopped listening on port 36251

###!!! [Parent][RunMessage] Error: Channel closing: too late to send/recv, messages will be lost

1613379466891	Marionette	INFO	Stopped listening on port 45925
1613379471978	geckodriver	INFO	Listening on 127.0.0.1:45301
1613379471983	mozrunner::runner	INFO	Running command: "/usr/bin/firefox" "--marionette" "--no-sandbox" "--disable-gpu" "-foreground" "-no-remote" "-profile" "/tmp/rust_mozprofileWLx4Dm"
console.warn: SearchSettings: "get: No settings file exists, new profile?" (new Error("", "(unknown module)"))
console.warn: SearchSettings: "get: No settings file exists, new profile?" (new Error("", "(unknown module)"))
1613379475730	Marionette	INFO	Listening on port 38159
1613379475761	Marionette	WARN	TLS certificate errors will be ignored for this session
1613379475791	Marionette	ERROR	[15] No reply from Marionette:Register
1613379483360	Marionette	INFO	Stopped listening on port 38159
1613379550450	geckodriver	INFO	Listening on 127.0.0.1:54491
1613379550455	mozrunner::runner	INFO	Running command: "/usr/bin/firefox" "--marionette" "--no-sandbox" "--disable-gpu" "-foreground" "-no-remote" "-profile" "/tmp/rust_mozprofile8HQufn"
console.warn: SearchSettings: "get: No settings file exists, new profile?" (new Error("", "(unknown module)"))
console.warn: SearchSettings: "get: No settings file exists, new profile?" (new Error("", "(unknown module)"))
1613379554323	Marionette	INFO	Listening on port 33853
1613379554367	Marionette	WARN	TLS certificate errors will be ignored for this session
1613379554383	Marionette	ERROR	[18] No reply from Marionette:Register
1613379560950	Marionette	INFO	Stopped listening on port 33853
1613379673485	geckodriver	INFO	Listening on 127.0.0.1:41825
1613379673492	mozrunner::runner	INFO	Running command: "/usr/bin/firefox" "--marionette" "--no-sandbox" "--disable-gpu" "-foreground" "-no-remote" "-profile" "/tmp/rust_mozprofile4VbLxD"
console.warn: SearchSettings: "get: No settings file exists, new profile?" (new Error("", "(unknown module)"))
console.warn: SearchSettings: "get: No settings file exists, new profile?" (new Error("", "(unknown module)"))
1613379677739	Marionette	INFO	Listening on port 33973
1613379677821	Marionette	WARN	TLS certificate errors will be ignored for this session
1613379677837	Marionette	ERROR	[18] No reply from Marionette:Register
1613379684222	Marionette	INFO	Stopped listening on port 33973
1613379730445	geckodriver	INFO	Listening on 127.0.0.1:42365
1613379730449	mozrunner::runner	INFO	Running command: "/usr/bin/firefox" "--marionette" "--no-sandbox" "--disable-gpu" "-foreground" "-no-remote" "-profile" "/tmp/rust_mozprofilebCbpzA"
console.warn: SearchSettings: "get: No settings file exists, new profile?" (new Error("", "(unknown module)"))
console.warn: SearchSettings: "get: No settings file exists, new profile?" (new Error("", "(unknown module)"))
1613379734813	Marionette	INFO	Listening on port 45249
1613379734927	Marionette	WARN	TLS certificate errors will be ignored for this session
1613379734951	Marionette	ERROR	[15] No reply from Marionette:Register
1613379739408	Marionette	INFO	Stopped listening on port 45249

###!!! [Child][RunMessage] Error: Channel closing: too late to send/recv, messages will be lost

1613379772026	geckodriver	INFO	Listening on 127.0.0.1:33699
1613379772030	mozrunner::runner	INFO	Running command: "/usr/bin/firefox" "--marionette" "--no-sandbox" "--disable-gpu" "-foreground" "-no-remote" "-profile" "/tmp/rust_mozprofiletDxSmd"
console.warn: SearchSettings: "get: No settings file exists, new profile?" (new Error("", "(unknown module)"))
console.warn: SearchSettings: "get: No settings file exists, new profile?" (new Error("", "(unknown module)"))
1613379776243	Marionette	INFO	Listening on port 38875
1613379776329	Marionette	WARN	TLS certificate errors will be ignored for this session
1613379776343	Marionette	ERROR	[18] No reply from Marionette:Register
1613379798506	Marionette	INFO	Stopped listening on port 38875
1613379799609	geckodriver	INFO	Listening on 127.0.0.1:46219
1613379799614	mozrunner::runner	INFO	Running command: "/usr/bin/firefox" "--marionette" "--no-sandbox" "--disable-gpu" "-foreground" "-no-remote" "-profile" "/tmp/rust_mozprofileAfxnKK"
console.warn: SearchSettings: "get: No settings file exists, new profile?" (new Error("", "(unknown module)"))
console.warn: SearchSettings: "get: No settings file exists, new profile?" (new Error("", "(unknown module)"))
1613379803419	Marionette	INFO	Listening on port 35263
1613379803517	Marionette	WARN	TLS certificate errors will be ignored for this session
1613379803536	Marionette	ERROR	[18] No reply from Marionette:Register
1613379823809	Marionette	INFO	Stopped listening on port 35263
1613379847842	geckodriver	INFO	Listening on 127.0.0.1:56241
1613379847851	mozrunner::runner	INFO	Running command: "/usr/bin/firefox" "--marionette" "--no-sandbox" "--disable-gpu" "-foreground" "-no-remote" "-profile" "/tmp/rust_mozprofileFz8CZS"
console.warn: SearchSettings: "get: No settings file exists, new profile?" (new Error("", "(unknown module)"))
console.warn: SearchSettings: "get: No settings file exists, new profile?" (new Error("", "(unknown module)"))
1613379851974	Marionette	INFO	Listening on port 45437
1613379852108	Marionette	WARN	TLS certificate errors will be ignored for this session
1613379852156	Marionette	ERROR	[15] No reply from Marionette:Register
1613379900189	Marionette	INFO	Stopped listening on port 45437
1613379911898	geckodriver	INFO	Listening on 127.0.0.1:56065
1613379911917	mozrunner::runner	INFO	Running command: "/usr/bin/firefox" "--marionette" "--no-sandbox" "--disable-gpu" "-foreground" "-no-remote" "-profile" "/tmp/rust_mozprofileNtSny2"
console.warn: SearchSettings: "get: No settings file exists, new profile?" (new Error("", "(unknown module)"))
console.warn: SearchSettings: "get: No settings file exists, new profile?" (new Error("", "(unknown module)"))
1613379916077	Marionette	INFO	Listening on port 34845
1613379916147	Marionette	WARN	TLS certificate errors will be ignored for this session
1613379916195	Marionette	ERROR	[15] No reply from Marionette:Register
1613379927526	Marionette	INFO	Stopped listening on port 34845
1613380270060	geckodriver	INFO	Listening on 127.0.0.1:59419
1613380270064	mozrunner::runner	INFO	Running command: "/usr/bin/firefox" "--marionette" "--no-sandbox" "--disable-gpu" "-foreground" "-no-remote" "-profile" "/tmp/rust_mozprofileexpdrm"
console.warn: SearchSettings: "get: No settings file exists, new profile?" (new Error("", "(unknown module)"))
console.warn: SearchSettings: "get: No settings file exists, new profile?" (new Error("", "(unknown module)"))
1613380274134	Marionette	INFO	Listening on port 33071
1613380274164	Marionette	WARN	TLS certificate errors will be ignored for this session
1613380274179	Marionette	ERROR	[18] No reply from Marionette:Register
1613380286196	Marionette	INFO	Stopped listening on port 33071
1613380307794	geckodriver	INFO	Listening on 127.0.0.1:59467
1613380307799	mozrunner::runner	INFO	Running command: "/usr/bin/firefox" "--marionette" "--no-sandbox" "--disable-gpu" "-foreground" "-no-remote" "-profile" "/tmp/rust_mozprofileJConvI"
console.warn: SearchSettings: "get: No settings file exists, new profile?" (new Error("", "(unknown module)"))
console.warn: SearchSettings: "get: No settings file exists, new profile?" (new Error("", "(unknown module)"))
1613380312149	Marionette	INFO	Listening on port 37295
1613380312221	Marionette	WARN	TLS certificate errors will be ignored for this session
1613380312242	Marionette	ERROR	[15] No reply from Marionette:Register
1613380329051	Marionette	INFO	Stopped listening on port 37295

###!!! [Parent][RunMessage] Error: Channel closing: too late to send/recv, messages will be lost

1613380366287	geckodriver	INFO	Listening on 127.0.0.1:43991
1613380366292	mozrunner::runner	INFO	Running command: "/usr/bin/firefox" "--marionette" "--no-sandbox" "--disable-gpu" "-foreground" "-no-remote" "-profile" "/tmp/rust_mozprofileEz1idj"
console.warn: SearchSettings: "get: No settings file exists, new profile?" (new Error("", "(unknown module)"))
console.warn: SearchSettings: "get: No settings file exists, new profile?" (new Error("", "(unknown module)"))
1613380371124	Marionette	INFO	Listening on port 39423
1613380371192	Marionette	WARN	TLS certificate errors will be ignored for this session
1613380371214	Marionette	ERROR	[15] No reply from Marionette:Register
Exiting due to channel error.
Exiting due to channel error.
[GFX1-]: Receive IPC close with reason=AbnormalShutdown
Exiting due to channel error.
1613380630783	geckodriver	INFO	Listening on 127.0.0.1:42705
1613380630790	mozrunner::runner	INFO	Running command: "/usr/bin/firefox" "--marionette" "--no-sandbox" "--disable-gpu" "-foreground" "-no-remote" "-profile" "/tmp/rust_mozprofileLpnc9E"
console.warn: SearchSettings: "get: No settings file exists, new profile?" (new Error("", "(unknown module)"))
console.warn: SearchSettings: "get: No settings file exists, new profile?" (new Error("", "(unknown module)"))
1613380635107	Marionette	INFO	Listening on port 45065
1613380635197	Marionette	WARN	TLS certificate errors will be ignored for this session
1613380635219	Marionette	ERROR	[15] No reply from Marionette:Register
1613380641202	Marionette	ERROR	[33] No reply from Marionette:Register
1613380642461	Marionette	ERROR	[35] No reply from Marionette:Register
Exiting due to channel error.
Exiting due to channel error.
Exiting due to channel error.
[GFX1-]: Receive IPC close with reason=AbnormalShutdown
Exiting due to channel error.
1613380963925	geckodriver	INFO	Listening on 127.0.0.1:54859
1613380963929	mozrunner::runner	INFO	Running command: "/usr/bin/firefox" "--marionette" "--no-sandbox" "--disable-gpu" "-foreground" "-no-remote" "-profile" "/tmp/rust_mozprofileHcBnDA"
console.warn: SearchSettings: "get: No settings file exists, new profile?" (new Error("", "(unknown module)"))
console.warn: SearchSettings: "get: No settings file exists, new profile?" (new Error("", "(unknown module)"))
1613380968540	Marionette	INFO	Listening on port 39743
1613380968568	Marionette	WARN	TLS certificate errors will be ignored for this session
1613380968603	Marionette	ERROR	[15] No reply from Marionette:Register
1613381138846	geckodriver	INFO	Listening on 127.0.0.1:54579
1613381138855	mozrunner::runner	INFO	Running command: "/usr/bin/firefox" "--marionette" "--no-sandbox" "--disable-gpu" "-foreground" "-no-remote" "-profile" "/tmp/rust_mozprofilePti6Vs"
console.warn: SearchSettings: "get: No settings file exists, new profile?" (new Error("", "(unknown module)"))
console.warn: SearchSettings: "get: No settings file exists, new profile?" (new Error("", "(unknown module)"))
1613381144549	Marionette	INFO	Listening on port 37839
1613381144598	Marionette	WARN	TLS certificate errors will be ignored for this session
1613381144623	Marionette	ERROR	[18] No reply from Marionette:Register
Exiting due to channel error.
Exiting due to channel error.
Exiting due to channel error.
1613381165255	Marionette	INFO	Stopped listening on port 39743
1613381351171	geckodriver	INFO	Listening on 127.0.0.1:38681
1613381351176	mozrunner::runner	INFO	Running command: "/usr/bin/firefox" "--marionette" "--no-sandbox" "--disable-gpu" "-foreground" "-no-remote" "-profile" "/tmp/rust_mozprofilerFYx9Z"
console.warn: SearchSettings: "get: No settings file exists, new profile?" (new Error("", "(unknown module)"))
console.warn: SearchSettings: "get: No settings file exists, new profile?" (new Error("", "(unknown module)"))
1613381355607	Marionette	INFO	Listening on port 36265
1613381355686	Marionette	WARN	TLS certificate errors will be ignored for this session
1613381355715	Marionette	ERROR	[15] No reply from Marionette:Register
Exiting due to channel error.
Exiting due to channel error.
Exiting due to channel error.
1613382103901	geckodriver	INFO	Listening on 127.0.0.1:54513
1613382103905	mozrunner::runner	INFO	Running command: "/usr/bin/firefox" "--marionette" "--no-sandbox" "--disable-gpu" "-foreground" "-no-remote" "-profile" "/tmp/rust_mozprofilecNGfKj"
console.warn: SearchSettings: "get: No settings file exists, new profile?" (new Error("", "(unknown module)"))
console.warn: SearchSettings: "get: No settings file exists, new profile?" (new Error("", "(unknown module)"))
1613382108039	Marionette	INFO	Listening on port 32817
1613382108111	Marionette	WARN	TLS certificate errors will be ignored for this session
1613382108131	Marionette	ERROR	[18] No reply from Marionette:Register
Exiting due to channel error.
Exiting due to channel error.
Exiting due to channel error.
1613383620315	geckodriver	INFO	Listening on 127.0.0.1:44817
1613383620325	mozrunner::runner	INFO	Running command: "/usr/bin/firefox" "--marionette" "--no-sandbox" "--disable-gpu" "-foreground" "-no-remote" "-profile" "/tmp/rust_mozprofileJnmV3K"
console.warn: SearchSettings: "get: No settings file exists, new profile?" (new Error("", "(unknown module)"))
console.warn: SearchSettings: "get: No settings file exists, new profile?" (new Error("", "(unknown module)"))
1613383624497	Marionette	INFO	Listening on port 42507
1613383624619	Marionette	WARN	TLS certificate errors will be ignored for this session
1613383624652	Marionette	ERROR	[15] No reply from Marionette:Register
1613383645006	Marionette	INFO	Stopped listening on port 42507
1613384037489	geckodriver	INFO	Listening on 127.0.0.1:35295
1613384037507	mozrunner::runner	INFO	Running command: "/usr/bin/firefox" "--marionette" "--no-sandbox" "--disable-gpu" "-foreground" "-no-remote" "-profile" "/tmp/rust_mozprofileuRzKsS"
console.warn: SearchSettings: "get: No settings file exists, new profile?" (new Error("", "(unknown module)"))
console.warn: SearchSettings: "get: No settings file exists, new profile?" (new Error("", "(unknown module)"))
1613384041483	Marionette	INFO	Listening on port 33163
1613384041561	Marionette	WARN	TLS certificate errors will be ignored for this session
1613384041576	Marionette	ERROR	[18] No reply from Marionette:Register
